<?xml version="1.0" encoding="UTF-8"?>
<!-- Generated by org.testng.reporters.JUnitReportReporter -->
<testsuite hostname="DESKTOP-N3LS68M" failures="0" tests="1" name="Test.ZerodhaPinPageTest" time="28.761" errors="0" timestamp="2022-06-21T11:40:16 IST" skipped="0">
  <testcase classname="Test.ZerodhaPinPageTest" name="LoginToZerohaWithValidCredentials" time="28.761"/>
  <system-out/>
</testsuite> <!-- Test.ZerodhaPinPageTest -->
