<?xml version="1.0" encoding="UTF-8"?>
<!-- Generated by org.testng.reporters.JUnitReportReporter -->
<testsuite hostname="DESKTOP-N3LS68M" failures="0" tests="1" name="Test.ZerodhaForgotPasswordPageTest" time="45.277" errors="0" timestamp="2022-06-08T21:29:55 IST" skipped="0">
  <testcase classname="Test.ZerodhaForgotPasswordPageTest" name="ResetAccountWithForgotMyUserId" time="45.277"/>
  <system-out/>
</testsuite> <!-- Test.ZerodhaForgotPasswordPageTest -->
